E:\zdcs\AutoSmoke\autosmoke_web_ide.py:51: DeprecationWarning: The '__version__' attribute is deprecated and will be removed in Flask 3.2. Use feature detection or 'importlib.metadata.version("flask")' instead.
  ver = getattr(pkg, "__version__", "?")

==================================================
  AutoSmoke 环境检查
==================================================

--- 基础环境 ---
  Python: 3.13.12 (✅)

--- 核心依赖 ---
  flask: ✅ 3.1.3
  pillow: ✅ 12.2.0
  numpy: ✅ 2.4.6
  pywin32: ✅ ?

--- 功能依赖（可选） ---
  opencv-python: ✅ 4.13.0
  openpyxl: ✅ 3.1.5
  Tesseract-OCR: ✅ tesseract v5.4.0.20240606

--- 配置 ---
  Unity 项目: ✅ E:/s1/k3client/client
  AutoSmoke 根目录: ✅ E:\zdcs\AutoSmoke

✅ 环境检查通过 — 可以启动 IDE

🚀 AutoSmoke Web IDE 启动中...
   地址: http://localhost:5000
   调试: 关闭
   💡 调试模式下修改代码后自动加载，刷新页面即可

📌 PID=62772 (锁文件: runtime/web_ide.pid)
✅ IDE 面板已加载

 * Serving Flask app 'IDE.debug_panel'
 * Debug mode: off
2026-06-17 14:09:45,741 - INFO - [31m[1mWARNING: This is a development server. Do not use it in a production deployment. Use a production WSGI server instead.[0m
 * Running on all addresses (0.0.0.0)
 * Running on http://127.0.0.1:5000
 * Running on http://192.168.5.190:5000
2026-06-17 14:09:45,741 - INFO - [33mPress CTRL+C to quit[0m
2026-06-17 14:09:51,217 - INFO - 127.0.0.1 - - [17/Jun/2026 14:09:51] "GET /api/prepare/summary HTTP/1.1" 200 -
2026-06-17 14:09:55,960 - INFO - 127.0.0.1 - - [17/Jun/2026 14:09:55] "GET /api/prepare/summary HTTP/1.1" 200 -
2026-06-17 14:10:04,029 - INFO - 127.0.0.1 - - [17/Jun/2026 14:10:04] "GET /api/ide/status HTTP/1.1" 200 -
2026-06-17 14:11:03,772 - INFO - 127.0.0.1 - - [17/Jun/2026 14:11:03] "GET /api/ide/status HTTP/1.1" 200 -
2026-06-17 14:11:25,009 - INFO - 127.0.0.1 - - [17/Jun/2026 14:11:25] "GET /api/ide/status HTTP/1.1" 200 -
2026-06-17 14:11:25,946 - INFO - 127.0.0.1 - - [17/Jun/2026 14:11:25] "GET /api/ide/status HTTP/1.1" 200 -
